\BOOKMARK [1][-]{section.1}{\376\377\0001\000\040\000A\000b\000o\000u\000t\000\040\000A\000M\000I\000C\000I}{}% 1
\BOOKMARK [1][-]{section.2}{\376\377\0002\000\040\000L\000i\000c\000e\000n\000s\000e\000\040\000C\000o\000n\000d\000i\000t\000i\000o\000n\000s}{}% 2
\BOOKMARK [1][-]{section.3}{\376\377\0003\000\040\000H\000o\000w\000\040\000t\000o\000\040\000c\000o\000n\000t\000r\000i\000b\000u\000t\000e}{}% 3
\BOOKMARK [1][-]{section.4}{\376\377\0004\000\040\000I\000n\000s\000t\000a\000l\000l\000a\000t\000i\000o\000n}{}% 4
\BOOKMARK [1][-]{section.5}{\376\377\0005\000\040\000P\000y\000t\000h\000o\000n\000\040\000I\000n\000t\000e\000r\000f\000a\000c\000e}{}% 5
\BOOKMARK [1][-]{section.6}{\376\377\0006\000\040\000M\000A\000T\000L\000A\000B\000\040\000I\000n\000t\000e\000r\000f\000a\000c\000e}{}% 6
\BOOKMARK [1][-]{section.7}{\376\377\0007\000\040\000C\000+\000+\000\040\000I\000n\000t\000e\000r\000f\000a\000c\000e}{}% 7
\BOOKMARK [1][-]{section.8}{\376\377\0008\000\040\000F\000A\000Q}{}% 8
\BOOKMARK [1][-]{section.9}{\376\377\0009\000\040\000N\000a\000m\000e\000s\000p\000a\000c\000e\000\040\000D\000o\000c\000u\000m\000e\000n\000t\000a\000t\000i\000o\000n}{}% 9
\BOOKMARK [2][-]{subsection.9.1}{\376\377\0009\000.\0001\000\040\000a\000m\000i\000c\000i\000\040\000N\000a\000m\000e\000s\000p\000a\000c\000e\000\040\000R\000e\000f\000e\000r\000e\000n\000c\000e}{section.9}% 10
\BOOKMARK [2][-]{subsection.9.2}{\376\377\0009\000.\0002\000\040\000a\000m\000i\000c\000i\000.\000o\000d\000e\000\137\000e\000x\000p\000o\000r\000t\000\040\000N\000a\000m\000e\000s\000p\000a\000c\000e\000\040\000R\000e\000f\000e\000r\000e\000n\000c\000e}{section.9}% 11
\BOOKMARK [2][-]{subsection.9.3}{\376\377\0009\000.\0003\000\040\000a\000m\000i\000c\000i\000.\000p\000l\000o\000t\000t\000i\000n\000g\000\040\000N\000a\000m\000e\000s\000p\000a\000c\000e\000\040\000R\000e\000f\000e\000r\000e\000n\000c\000e}{section.9}% 12
\BOOKMARK [2][-]{subsection.9.4}{\376\377\0009\000.\0004\000\040\000a\000m\000i\000c\000i\000.\000s\000b\000m\000l\000\137\000i\000m\000p\000o\000r\000t\000\040\000N\000a\000m\000e\000s\000p\000a\000c\000e\000\040\000R\000e\000f\000e\000r\000e\000n\000c\000e}{section.9}% 13
\BOOKMARK [1][-]{section.10}{\376\377\0001\0000\000\040\000C\000l\000a\000s\000s\000\040\000D\000o\000c\000u\000m\000e\000n\000t\000a\000t\000i\000o\000n}{}% 14
\BOOKMARK [2][-]{subsection.10.1}{\376\377\0001\0000\000.\0001\000\040\000A\000b\000s\000t\000r\000a\000c\000t\000M\000o\000d\000e\000l\000\040\000C\000l\000a\000s\000s\000\040\000R\000e\000f\000e\000r\000e\000n\000c\000e}{section.10}% 15
\BOOKMARK [2][-]{subsection.10.2}{\376\377\0001\0000\000.\0002\000\040\000A\000m\000i\000E\000x\000c\000e\000p\000t\000i\000o\000n\000\040\000C\000l\000a\000s\000s\000\040\000R\000e\000f\000e\000r\000e\000n\000c\000e}{section.10}% 16
\BOOKMARK [2][-]{subsection.10.3}{\376\377\0001\0000\000.\0003\000\040\000A\000m\000i\000V\000e\000c\000t\000o\000r\000\040\000C\000l\000a\000s\000s\000\040\000R\000e\000f\000e\000r\000e\000n\000c\000e}{section.10}% 17
\BOOKMARK [2][-]{subsection.10.4}{\376\377\0001\0000\000.\0004\000\040\000A\000m\000i\000V\000e\000c\000t\000o\000r\000A\000r\000r\000a\000y\000\040\000C\000l\000a\000s\000s\000\040\000R\000e\000f\000e\000r\000e\000n\000c\000e}{section.10}% 18
\BOOKMARK [2][-]{subsection.10.5}{\376\377\0001\0000\000.\0005\000\040\000B\000a\000c\000k\000w\000a\000r\000d\000P\000r\000o\000b\000l\000e\000m\000\040\000C\000l\000a\000s\000s\000\040\000R\000e\000f\000e\000r\000e\000n\000c\000e}{section.10}% 19
\BOOKMARK [2][-]{subsection.10.6}{\376\377\0001\0000\000.\0006\000\040\000C\000o\000n\000d\000i\000t\000i\000o\000n\000C\000o\000n\000t\000e\000x\000t\000\040\000C\000l\000a\000s\000s\000\040\000R\000e\000f\000e\000r\000e\000n\000c\000e}{section.10}% 20
\BOOKMARK [2][-]{subsection.10.7}{\376\377\0001\0000\000.\0007\000\040\000C\000v\000o\000d\000e\000E\000x\000c\000e\000p\000t\000i\000o\000n\000\040\000C\000l\000a\000s\000s\000\040\000R\000e\000f\000e\000r\000e\000n\000c\000e}{section.10}% 21
\BOOKMARK [2][-]{subsection.10.8}{\376\377\0001\0000\000.\0008\000\040\000D\000l\000s\000M\000a\000t\000W\000r\000a\000p\000p\000e\000r\000\040\000C\000l\000a\000s\000s\000\040\000R\000e\000f\000e\000r\000e\000n\000c\000e}{section.10}% 22
\BOOKMARK [2][-]{subsection.10.9}{\376\377\0001\0000\000.\0009\000\040\000E\000x\000p\000D\000a\000t\000a\000\040\000C\000l\000a\000s\000s\000\040\000R\000e\000f\000e\000r\000e\000n\000c\000e}{section.10}% 23
\BOOKMARK [2][-]{subsection.10.10}{\376\377\0001\0000\000.\0001\0000\000\040\000F\000o\000r\000w\000a\000r\000d\000P\000r\000o\000b\000l\000e\000m\000\040\000C\000l\000a\000s\000s\000\040\000R\000e\000f\000e\000r\000e\000n\000c\000e}{section.10}% 24
\BOOKMARK [2][-]{subsection.10.11}{\376\377\0001\0000\000.\0001\0001\000\040\000I\000D\000A\000E\000x\000c\000e\000p\000t\000i\000o\000n\000\040\000C\000l\000a\000s\000s\000\040\000R\000e\000f\000e\000r\000e\000n\000c\000e}{section.10}% 25
\BOOKMARK [2][-]{subsection.10.12}{\376\377\0001\0000\000.\0001\0002\000\040\000I\000n\000t\000e\000g\000r\000a\000t\000i\000o\000n\000F\000a\000i\000l\000u\000r\000e\000\040\000C\000l\000a\000s\000s\000\040\000R\000e\000f\000e\000r\000e\000n\000c\000e}{section.10}% 26
\BOOKMARK [2][-]{subsection.10.13}{\376\377\0001\0000\000.\0001\0003\000\040\000I\000n\000t\000e\000g\000r\000a\000t\000i\000o\000n\000F\000a\000i\000l\000u\000r\000e\000B\000\040\000C\000l\000a\000s\000s\000\040\000R\000e\000f\000e\000r\000e\000n\000c\000e}{section.10}% 27
\BOOKMARK [2][-]{subsection.10.14}{\376\377\0001\0000\000.\0001\0004\000\040\000M\000o\000d\000e\000l\000\040\000C\000l\000a\000s\000s\000\040\000R\000e\000f\000e\000r\000e\000n\000c\000e}{section.10}% 28
\BOOKMARK [2][-]{subsection.10.15}{\376\377\0001\0000\000.\0001\0005\000\040\000M\000o\000d\000e\000l\000\137\000D\000A\000E\000\040\000C\000l\000a\000s\000s\000\040\000R\000e\000f\000e\000r\000e\000n\000c\000e}{section.10}% 29
\BOOKMARK [2][-]{subsection.10.16}{\376\377\0001\0000\000.\0001\0006\000\040\000M\000o\000d\000e\000l\000\137\000O\000D\000E\000\040\000C\000l\000a\000s\000s\000\040\000R\000e\000f\000e\000r\000e\000n\000c\000e}{section.10}% 30
\BOOKMARK [2][-]{subsection.10.17}{\376\377\0001\0000\000.\0001\0007\000\040\000N\000e\000w\000t\000o\000n\000F\000a\000i\000l\000u\000r\000e\000\040\000C\000l\000a\000s\000s\000\040\000R\000e\000f\000e\000r\000e\000n\000c\000e}{section.10}% 31
\BOOKMARK [2][-]{subsection.10.18}{\376\377\0001\0000\000.\0001\0008\000\040\000N\000e\000w\000t\000o\000n\000S\000o\000l\000v\000e\000r\000\040\000C\000l\000a\000s\000s\000\040\000R\000e\000f\000e\000r\000e\000n\000c\000e}{section.10}% 32
\BOOKMARK [2][-]{subsection.10.19}{\376\377\0001\0000\000.\0001\0009\000\040\000N\000e\000w\000t\000o\000n\000S\000o\000l\000v\000e\000r\000D\000e\000n\000s\000e\000\040\000C\000l\000a\000s\000s\000\040\000R\000e\000f\000e\000r\000e\000n\000c\000e}{section.10}% 33
\BOOKMARK [2][-]{subsection.10.20}{\376\377\0001\0000\000.\0002\0000\000\040\000N\000e\000w\000t\000o\000n\000S\000o\000l\000v\000e\000r\000I\000t\000e\000r\000a\000t\000i\000v\000e\000\040\000C\000l\000a\000s\000s\000\040\000R\000e\000f\000e\000r\000e\000n\000c\000e}{section.10}% 34
\BOOKMARK [2][-]{subsection.10.21}{\376\377\0001\0000\000.\0002\0001\000\040\000N\000e\000w\000t\000o\000n\000S\000o\000l\000v\000e\000r\000S\000p\000a\000r\000s\000e\000\040\000C\000l\000a\000s\000s\000\040\000R\000e\000f\000e\000r\000e\000n\000c\000e}{section.10}% 35
\BOOKMARK [2][-]{subsection.10.22}{\376\377\0001\0000\000.\0002\0002\000\040\000C\000o\000n\000s\000e\000r\000v\000a\000t\000i\000o\000n\000L\000a\000w\000\040\000C\000l\000a\000s\000s\000\040\000R\000e\000f\000e\000r\000e\000n\000c\000e}{section.10}% 36
\BOOKMARK [2][-]{subsection.10.23}{\376\377\0001\0000\000.\0002\0003\000\040\000C\000o\000n\000s\000t\000a\000n\000t\000\040\000C\000l\000a\000s\000s\000\040\000R\000e\000f\000e\000r\000e\000n\000c\000e}{section.10}% 37
\BOOKMARK [2][-]{subsection.10.24}{\376\377\0001\0000\000.\0002\0004\000\040\000E\000x\000p\000r\000e\000s\000s\000i\000o\000n\000\040\000C\000l\000a\000s\000s\000\040\000R\000e\000f\000e\000r\000e\000n\000c\000e}{section.10}% 38
\BOOKMARK [2][-]{subsection.10.25}{\376\377\0001\0000\000.\0002\0005\000\040\000L\000o\000g\000L\000i\000k\000e\000l\000i\000h\000o\000o\000d\000\040\000C\000l\000a\000s\000s\000\040\000R\000e\000f\000e\000r\000e\000n\000c\000e}{section.10}% 39
\BOOKMARK [2][-]{subsection.10.26}{\376\377\0001\0000\000.\0002\0006\000\040\000M\000o\000d\000e\000l\000Q\000u\000a\000n\000t\000i\000t\000y\000\040\000C\000l\000a\000s\000s\000\040\000R\000e\000f\000e\000r\000e\000n\000c\000e}{section.10}% 40
\BOOKMARK [2][-]{subsection.10.27}{\376\377\0001\0000\000.\0002\0007\000\040\000O\000b\000s\000e\000r\000v\000a\000b\000l\000e\000\040\000C\000l\000a\000s\000s\000\040\000R\000e\000f\000e\000r\000e\000n\000c\000e}{section.10}% 41
\BOOKMARK [2][-]{subsection.10.28}{\376\377\0001\0000\000.\0002\0008\000\040\000O\000D\000E\000E\000x\000p\000o\000r\000t\000e\000r\000\040\000C\000l\000a\000s\000s\000\040\000R\000e\000f\000e\000r\000e\000n\000c\000e}{section.10}% 42
\BOOKMARK [2][-]{subsection.10.29}{\376\377\0001\0000\000.\0002\0009\000\040\000O\000D\000E\000M\000o\000d\000e\000l\000\040\000C\000l\000a\000s\000s\000\040\000R\000e\000f\000e\000r\000e\000n\000c\000e}{section.10}% 43
\BOOKMARK [2][-]{subsection.10.30}{\376\377\0001\0000\000.\0003\0000\000\040\000P\000a\000r\000a\000m\000e\000t\000e\000r\000\040\000C\000l\000a\000s\000s\000\040\000R\000e\000f\000e\000r\000e\000n\000c\000e}{section.10}% 44
\BOOKMARK [2][-]{subsection.10.31}{\376\377\0001\0000\000.\0003\0001\000\040\000S\000i\000g\000m\000a\000Y\000\040\000C\000l\000a\000s\000s\000\040\000R\000e\000f\000e\000r\000e\000n\000c\000e}{section.10}% 45
\BOOKMARK [2][-]{subsection.10.32}{\376\377\0001\0000\000.\0003\0002\000\040\000S\000t\000a\000t\000e\000\040\000C\000l\000a\000s\000s\000\040\000R\000e\000f\000e\000r\000e\000n\000c\000e}{section.10}% 46
\BOOKMARK [2][-]{subsection.10.33}{\376\377\0001\0000\000.\0003\0003\000\040\000T\000e\000m\000p\000l\000a\000t\000e\000A\000m\000i\000c\000i\000\040\000C\000l\000a\000s\000s\000\040\000R\000e\000f\000e\000r\000e\000n\000c\000e}{section.10}% 47
\BOOKMARK [2][-]{subsection.10.34}{\376\377\0001\0000\000.\0003\0004\000\040\000R\000e\000t\000u\000r\000n\000D\000a\000t\000a\000\040\000C\000l\000a\000s\000s\000\040\000R\000e\000f\000e\000r\000e\000n\000c\000e}{section.10}% 48
\BOOKMARK [2][-]{subsection.10.35}{\376\377\0001\0000\000.\0003\0005\000\040\000S\000B\000M\000L\000E\000x\000c\000e\000p\000t\000i\000o\000n\000\040\000C\000l\000a\000s\000s\000\040\000R\000e\000f\000e\000r\000e\000n\000c\000e}{section.10}% 49
\BOOKMARK [2][-]{subsection.10.36}{\376\377\0001\0000\000.\0003\0006\000\040\000S\000b\000m\000l\000I\000m\000p\000o\000r\000t\000e\000r\000\040\000C\000l\000a\000s\000s\000\040\000R\000e\000f\000e\000r\000e\000n\000c\000e}{section.10}% 50
\BOOKMARK [2][-]{subsection.10.37}{\376\377\0001\0000\000.\0003\0007\000\040\000S\000e\000t\000u\000p\000F\000a\000i\000l\000u\000r\000e\000\040\000C\000l\000a\000s\000s\000\040\000R\000e\000f\000e\000r\000e\000n\000c\000e}{section.10}% 51
\BOOKMARK [2][-]{subsection.10.38}{\376\377\0001\0000\000.\0003\0008\000\040\000S\000l\000s\000M\000a\000t\000W\000r\000a\000p\000p\000e\000r\000\040\000C\000l\000a\000s\000s\000\040\000R\000e\000f\000e\000r\000e\000n\000c\000e}{section.10}% 52
\BOOKMARK [2][-]{subsection.10.39}{\376\377\0001\0000\000.\0003\0009\000\040\000S\000o\000l\000v\000e\000r\000\040\000C\000l\000a\000s\000s\000\040\000R\000e\000f\000e\000r\000e\000n\000c\000e}{section.10}% 53
\BOOKMARK [2][-]{subsection.10.40}{\376\377\0001\0000\000.\0004\0000\000\040\000S\000t\000e\000a\000d\000y\000s\000t\000a\000t\000e\000P\000r\000o\000b\000l\000e\000m\000\040\000C\000l\000a\000s\000s\000\040\000R\000e\000f\000e\000r\000e\000n\000c\000e}{section.10}% 54
\BOOKMARK [2][-]{subsection.10.41}{\376\377\0001\0000\000.\0004\0001\000\040\000a\000m\000i\000d\000a\000t\000a\000\040\000C\000l\000a\000s\000s\000\040\000R\000e\000f\000e\000r\000e\000n\000c\000e}{section.10}% 55
\BOOKMARK [2][-]{subsection.10.42}{\376\377\0001\0000\000.\0004\0002\000\040\000a\000m\000i\000e\000v\000e\000n\000t\000\040\000C\000l\000a\000s\000s\000\040\000R\000e\000f\000e\000r\000e\000n\000c\000e}{section.10}% 56
\BOOKMARK [2][-]{subsection.10.43}{\376\377\0001\0000\000.\0004\0003\000\040\000a\000m\000i\000f\000u\000n\000\040\000C\000l\000a\000s\000s\000\040\000R\000e\000f\000e\000r\000e\000n\000c\000e}{section.10}% 57
\BOOKMARK [2][-]{subsection.10.44}{\376\377\0001\0000\000.\0004\0004\000\040\000a\000m\000i\000m\000o\000d\000e\000l\000\040\000C\000l\000a\000s\000s\000\040\000R\000e\000f\000e\000r\000e\000n\000c\000e}{section.10}% 58
\BOOKMARK [2][-]{subsection.10.45}{\376\377\0001\0000\000.\0004\0005\000\040\000a\000m\000i\000o\000p\000t\000i\000o\000n\000\040\000C\000l\000a\000s\000s\000\040\000R\000e\000f\000e\000r\000e\000n\000c\000e}{section.10}% 59
\BOOKMARK [2][-]{subsection.10.46}{\376\377\0001\0000\000.\0004\0006\000\040\000a\000m\000i\000s\000e\000d\000\040\000C\000l\000a\000s\000s\000\040\000R\000e\000f\000e\000r\000e\000n\000c\000e}{section.10}% 60
\BOOKMARK [2][-]{subsection.10.47}{\376\377\0001\0000\000.\0004\0007\000\040\000o\000p\000t\000s\000y\000m\000\040\000C\000l\000a\000s\000s\000\040\000R\000e\000f\000e\000r\000e\000n\000c\000e}{section.10}% 61
\BOOKMARK [1][-]{section.11}{\376\377\0001\0001\000\040\000F\000i\000l\000e\000\040\000D\000o\000c\000u\000m\000e\000n\000t\000a\000t\000i\000o\000n}{}% 62
\BOOKMARK [2][-]{subsection.11.1}{\376\377\0001\0001\000.\0001\000\040\000a\000m\000\137\000a\000n\000d\000.\000m\000\040\000F\000i\000l\000e\000\040\000R\000e\000f\000e\000r\000e\000n\000c\000e}{section.11}% 63
\BOOKMARK [2][-]{subsection.11.2}{\376\377\0001\0001\000.\0002\000\040\000a\000m\000\137\000e\000q\000.\000m\000\040\000F\000i\000l\000e\000\040\000R\000e\000f\000e\000r\000e\000n\000c\000e}{section.11}% 64
\BOOKMARK [2][-]{subsection.11.3}{\376\377\0001\0001\000.\0003\000\040\000a\000m\000\137\000g\000e\000.\000m\000\040\000F\000i\000l\000e\000\040\000R\000e\000f\000e\000r\000e\000n\000c\000e}{section.11}% 65
\BOOKMARK [2][-]{subsection.11.4}{\376\377\0001\0001\000.\0004\000\040\000a\000m\000\137\000g\000t\000.\000m\000\040\000F\000i\000l\000e\000\040\000R\000e\000f\000e\000r\000e\000n\000c\000e}{section.11}% 66
\BOOKMARK [2][-]{subsection.11.5}{\376\377\0001\0001\000.\0005\000\040\000a\000m\000\137\000i\000f\000.\000m\000\040\000F\000i\000l\000e\000\040\000R\000e\000f\000e\000r\000e\000n\000c\000e}{section.11}% 67
\BOOKMARK [2][-]{subsection.11.6}{\376\377\0001\0001\000.\0006\000\040\000a\000m\000\137\000l\000e\000.\000m\000\040\000F\000i\000l\000e\000\040\000R\000e\000f\000e\000r\000e\000n\000c\000e}{section.11}% 68
\BOOKMARK [2][-]{subsection.11.7}{\376\377\0001\0001\000.\0007\000\040\000a\000m\000\137\000l\000t\000.\000m\000\040\000F\000i\000l\000e\000\040\000R\000e\000f\000e\000r\000e\000n\000c\000e}{section.11}% 69
\BOOKMARK [2][-]{subsection.11.8}{\376\377\0001\0001\000.\0008\000\040\000a\000m\000\137\000m\000a\000x\000.\000m\000\040\000F\000i\000l\000e\000\040\000R\000e\000f\000e\000r\000e\000n\000c\000e}{section.11}% 70
\BOOKMARK [2][-]{subsection.11.9}{\376\377\0001\0001\000.\0009\000\040\000a\000m\000\137\000m\000i\000n\000.\000m\000\040\000F\000i\000l\000e\000\040\000R\000e\000f\000e\000r\000e\000n\000c\000e}{section.11}% 71
\BOOKMARK [2][-]{subsection.11.10}{\376\377\0001\0001\000.\0001\0000\000\040\000a\000m\000\137\000o\000r\000.\000m\000\040\000F\000i\000l\000e\000\040\000R\000e\000f\000e\000r\000e\000n\000c\000e}{section.11}% 72
\BOOKMARK [2][-]{subsection.11.11}{\376\377\0001\0001\000.\0001\0001\000\040\000a\000m\000\137\000p\000i\000e\000c\000e\000w\000i\000s\000e\000.\000m\000\040\000F\000i\000l\000e\000\040\000R\000e\000f\000e\000r\000e\000n\000c\000e}{section.11}% 73
\BOOKMARK [2][-]{subsection.11.12}{\376\377\0001\0001\000.\0001\0002\000\040\000a\000m\000\137\000s\000t\000e\000p\000f\000u\000n\000.\000m\000\040\000F\000i\000l\000e\000\040\000R\000e\000f\000e\000r\000e\000n\000c\000e}{section.11}% 74
\BOOKMARK [2][-]{subsection.11.13}{\376\377\0001\0001\000.\0001\0003\000\040\000a\000m\000\137\000x\000o\000r\000.\000m\000\040\000F\000i\000l\000e\000\040\000R\000e\000f\000e\000r\000e\000n\000c\000e}{section.11}% 75
\BOOKMARK [2][-]{subsection.11.14}{\376\377\0001\0001\000.\0001\0004\000\040\000a\000m\000i\000c\000i\000.\000c\000p\000p\000\040\000F\000i\000l\000e\000\040\000R\000e\000f\000e\000r\000e\000n\000c\000e}{section.11}% 76
\BOOKMARK [2][-]{subsection.11.15}{\376\377\0001\0001\000.\0001\0005\000\040\000a\000m\000i\000w\000r\000a\000p\000.\000m\000\040\000F\000i\000l\000e\000\040\000R\000e\000f\000e\000r\000e\000n\000c\000e}{section.11}% 77
\BOOKMARK [2][-]{subsection.11.16}{\376\377\0001\0001\000.\0001\0006\000\040\000c\000b\000l\000a\000s\000.\000c\000p\000p\000\040\000F\000i\000l\000e\000\040\000R\000e\000f\000e\000r\000e\000n\000c\000e}{section.11}% 78
\BOOKMARK [2][-]{subsection.11.17}{\376\377\0001\0001\000.\0001\0007\000\040\000i\000n\000t\000e\000r\000f\000a\000c\000e\000\137\000m\000a\000t\000l\000a\000b\000.\000c\000p\000p\000\040\000F\000i\000l\000e\000\040\000R\000e\000f\000e\000r\000e\000n\000c\000e}{section.11}% 79
\BOOKMARK [2][-]{subsection.11.18}{\376\377\0001\0001\000.\0001\0008\000\040\000S\000B\000M\000L\0002\000A\000M\000I\000C\000I\000.\000m\000\040\000F\000i\000l\000e\000\040\000R\000e\000f\000e\000r\000e\000n\000c\000e}{section.11}% 80
\BOOKMARK [2][-]{subsection.11.19}{\376\377\0001\0001\000.\0001\0009\000\040\000s\000p\000l\000i\000n\000e\000.\000c\000p\000p\000\040\000F\000i\000l\000e\000\040\000R\000e\000f\000e\000r\000e\000n\000c\000e}{section.11}% 81
\BOOKMARK [2][-]{subsection.11.20}{\376\377\0001\0001\000.\0002\0000\000\040\000s\000y\000m\000b\000o\000l\000i\000c\000\137\000f\000u\000n\000c\000t\000i\000o\000n\000s\000.\000c\000p\000p\000\040\000F\000i\000l\000e\000\040\000R\000e\000f\000e\000r\000e\000n\000c\000e}{section.11}% 82
\BOOKMARK [1][-]{section*.763}{\376\377\000I\000n\000d\000e\000x}{}% 83
